# JRE version: OpenJDK Runtime Environment (8.0_242-b01) (build 1.8.0_242-release-1644-b01)
# Java VM: OpenJDK 64-Bit Server VM (25.242-b01 mixed mode windows-amd64 compressed oops)
Heap:
 PSYoungGen      total 485376K, used 334347K [0x00000000d5580000, 0x0000000100000000, 0x0000000100000000)
  eden space 371200K, 90% used [0x00000000d5580000,0x00000000e9c02c80,0x00000000ec000000)
  from space 114176K, 0% used [0x00000000ec000000,0x00000000ec000000,0x00000000f2f80000)
  to   space 108544K, 0% used [0x00000000f9600000,0x00000000f9600000,0x0000000100000000)
 ParOldGen       total 439296K, used 110595K [0x0000000080000000, 0x000000009ad00000, 0x00000000d5580000)
  object space 439296K, 25% used [0x0000000080000000,0x0000000086c00d58,0x000000009ad00000)
 Metaspace       used 103099K, capacity 108752K, committed 109336K, reserved 1144832K
  class space    used 13448K, capacity 14472K, committed 14640K, reserved 1048576K
GC Heap History (10 events):
Event: 2595.545 GC heap before
{Heap before GC invocations=24 (full 4):
 PSYoungGen      total 332288K, used 332281K [0x00000000d5580000, 0x00000000eea00000, 0x0000000100000000)
  eden space 294400K, 100% used [0x00000000d5580000,0x00000000e7500000,0x00000000e7500000)
  from space 37888K, 99% used [0x00000000e7500000,0x00000000e99fe428,0x00000000e9a00000)
  to   space 46080K, 0% used [0x00000000ebd00000,0x00000000ebd00000,0x00000000eea00000)
 ParOldGen       total 333824K, used 83955K [0x0000000080000000, 0x0000000094600000, 0x00000000d5580000)
  object space 333824K, 25% used [0x0000000080000000,0x00000000851fcca8,0x0000000094600000)
 Metaspace       used 101423K, capacity 106742K, committed 107032K, reserved 1142784K
  class space    used 13297K, capacity 14309K, committed 14384K, reserved 1048576K
Event: 2595.621 GC heap after
Heap after GC invocations=24 (full 4):
 PSYoungGen      total 347136K, used 46073K [0x00000000d5580000, 0x00000000f2a00000, 0x0000000100000000)
  eden space 301056K, 0% used [0x00000000d5580000,0x00000000d5580000,0x00000000e7b80000)
  from space 46080K, 99% used [0x00000000ebd00000,0x00000000ee9fe5a8,0x00000000eea00000)
  to   space 67072K, 0% used [0x00000000e7b80000,0x00000000e7b80000,0x00000000ebd00000)
 ParOldGen       total 333824K, used 121415K [0x0000000080000000, 0x0000000094600000, 0x00000000d5580000)
  object space 333824K, 36% used [0x0000000080000000,0x0000000087691d80,0x0000000094600000)
 Metaspace       used 101423K, capacity 106742K, committed 107032K, reserved 1142784K
  class space    used 13297K, capacity 14309K, committed 14384K, reserved 1048576K
}
Event: 2596.262 GC heap before
{Heap before GC invocations=25 (full 4):
 PSYoungGen      total 347136K, used 347129K [0x00000000d5580000, 0x00000000f2a00000, 0x0000000100000000)
  eden space 301056K, 100% used [0x00000000d5580000,0x00000000e7b80000,0x00000000e7b80000)
  from space 46080K, 99% used [0x00000000ebd00000,0x00000000ee9fe5a8,0x00000000eea00000)
  to   space 67072K, 0% used [0x00000000e7b80000,0x00000000e7b80000,0x00000000ebd00000)
 ParOldGen       total 333824K, used 121415K [0x0000000080000000, 0x0000000094600000, 0x00000000d5580000)
  object space 333824K, 36% used [0x0000000080000000,0x0000000087691d80,0x0000000094600000)
 Metaspace       used 101487K, capacity 106758K, committed 107032K, reserved 1142784K
  class space    used 13301K, capacity 14311K, committed 14384K, reserved 1048576K
Event: 2596.382 GC heap after
Heap after GC invocations=25 (full 4):
 PSYoungGen      total 368128K, used 67066K [0x00000000d5580000, 0x00000000f9080000, 0x0000000100000000)
  eden space 301056K, 0% used [0x00000000d5580000,0x00000000d5580000,0x00000000e7b80000)
  from space 67072K, 99% used [0x00000000e7b80000,0x00000000ebcfe880,0x00000000ebd00000)
  to   space 99328K, 0% used [0x00000000f2f80000,0x00000000f2f80000,0x00000000f9080000)
 ParOldGen       total 333824K, used 179704K [0x0000000080000000, 0x0000000094600000, 0x00000000d5580000)
  object space 333824K, 53% used [0x0000000080000000,0x000000008af7e380,0x0000000094600000)
 Metaspace       used 101487K, capacity 106758K, committed 107032K, reserved 1142784K
  class space    used 13301K, capacity 14311K, committed 14384K, reserved 1048576K
}
Event: 2598.082 GC heap before
{Heap before GC invocations=26 (full 4):
 PSYoungGen      total 368128K, used 368122K [0x00000000d5580000, 0x00000000f9080000, 0x0000000100000000)
  eden space 301056K, 100% used [0x00000000d5580000,0x00000000e7b80000,0x00000000e7b80000)
  from space 67072K, 99% used [0x00000000e7b80000,0x00000000ebcfe880,0x00000000ebd00000)
  to   space 99328K, 0% used [0x00000000f2f80000,0x00000000f2f80000,0x00000000f9080000)
 ParOldGen       total 333824K, used 179704K [0x0000000080000000, 0x0000000094600000, 0x00000000d5580000)
  object space 333824K, 53% used [0x0000000080000000,0x000000008af7e380,0x0000000094600000)
 Metaspace       used 102901K, capacity 108582K, committed 108824K, reserved 1142784K
  class space    used 13484K, capacity 14529K, committed 14640K, reserved 1048576K
Event: 2598.222 GC heap after
Heap after GC invocations=26 (full 4):
 PSYoungGen      total 470528K, used 92320K [0x00000000d5580000, 0x00000000fb000000, 0x0000000100000000)
  eden space 371200K, 0% used [0x00000000d5580000,0x00000000d5580000,0x00000000ec000000)
  from space 99328K, 92% used [0x00000000f2f80000,0x00000000f89a81f8,0x00000000f9080000)
  to   space 114176K, 0% used [0x00000000ec000000,0x00000000ec000000,0x00000000f2f80000)
 ParOldGen       total 333824K, used 205408K [0x0000000080000000, 0x0000000094600000, 0x00000000d5580000)
  object space 333824K, 61% used [0x0000000080000000,0x000000008c8982f8,0x0000000094600000)
 Metaspace       used 102901K, capacity 108582K, committed 108824K, reserved 1142784K
  class space    used 13484K, capacity 14529K, committed 14640K, reserved 1048576K
}
Event: 2599.065 GC heap before
{Heap before GC invocations=27 (full 4):
 PSYoungGen      total 470528K, used 463520K [0x00000000d5580000, 0x00000000fb000000, 0x0000000100000000)
  eden space 371200K, 100% used [0x00000000d5580000,0x00000000ec000000,0x00000000ec000000)
  from space 99328K, 92% used [0x00000000f2f80000,0x00000000f89a81f8,0x00000000f9080000)
  to   space 114176K, 0% used [0x00000000ec000000,0x00000000ec000000,0x00000000f2f80000)
 ParOldGen       total 333824K, used 205408K [0x0000000080000000, 0x0000000094600000, 0x00000000d5580000)
  object space 333824K, 61% used [0x0000000080000000,0x000000008c8982f8,0x0000000094600000)
 Metaspace       used 103215K, capacity 109062K, committed 109336K, reserved 1144832K
  class space    used 13505K, capacity 14577K, committed 14640K, reserved 1048576K
Event: 2599.175 GC heap after
Heap after GC invocations=27 (full 4):
 PSYoungGen      total 485376K, used 30798K [0x00000000d5580000, 0x0000000100000000, 0x0000000100000000)
  eden space 371200K, 0% used [0x00000000d5580000,0x00000000d5580000,0x00000000ec000000)
  from space 114176K, 26% used [0x00000000ec000000,0x00000000ede13a60,0x00000000f2f80000)
  to   space 108544K, 0% used [0x00000000f9600000,0x00000000f9600000,0x0000000100000000)
 ParOldGen       total 333824K, used 281043K [0x0000000080000000, 0x0000000094600000, 0x00000000d5580000)
  object space 333824K, 84% used [0x0000000080000000,0x0000000091274f68,0x0000000094600000)
 Metaspace       used 103215K, capacity 109062K, committed 109336K, reserved 1144832K
  class space    used 13505K, capacity 14577K, committed 14640K, reserved 1048576K
}
Event: 2599.175 GC heap before
{Heap before GC invocations=28 (full 5):
 PSYoungGen      total 485376K, used 30798K [0x00000000d5580000, 0x0000000100000000, 0x0000000100000000)
  eden space 371200K, 0% used [0x00000000d5580000,0x00000000d5580000,0x00000000ec000000)
  from space 114176K, 26% used [0x00000000ec000000,0x00000000ede13a60,0x00000000f2f80000)
  to   space 108544K, 0% used [0x00000000f9600000,0x00000000f9600000,0x0000000100000000)
 ParOldGen       total 333824K, used 281043K [0x0000000080000000, 0x0000000094600000, 0x00000000d5580000)
  object space 333824K, 84% used [0x0000000080000000,0x0000000091274f68,0x0000000094600000)
 Metaspace       used 103215K, capacity 109062K, committed 109336K, reserved 1144832K
  class space    used 13505K, capacity 14577K, committed 14640K, reserved 1048576K
Event: 2599.615 GC heap after
Heap after GC invocations=28 (full 5):
 PSYoungGen      total 485376K, used 0K [0x00000000d5580000, 0x0000000100000000, 0x0000000100000000)
  eden space 371200K, 0% used [0x00000000d5580000,0x00000000d5580000,0x00000000ec000000)
  from space 114176K, 0% used [0x00000000ec000000,0x00000000ec000000,0x00000000f2f80000)
  to   space 108544K, 0% used [0x00000000f9600000,0x00000000f9600000,0x0000000100000000)
 ParOldGen       total 439296K, used 110595K [0x0000000080000000, 0x000000009ad00000, 0x00000000d5580000)
  object space 439296K, 25% used [0x0000000080000000,0x0000000086c00d58,0x000000009ad00000)
 Metaspace       used 103046K, capacity 108674K, committed 109336K, reserved 1144832K
  class space    used 13447K, capacity 14471K, committed 14640K, reserved 1048576K
}

